<?xml version="1.0" encoding="UTF-8"?>
<!-- Generated by org.testng.reporters.JUnitReportReporter -->
<testsuite skipped="0" hostname="WSAANAND2" name="UAT.BrookstoneTests.TestCase3" tests="1" failures="0" timestamp="15 Oct 2018 16:43:33 GMT" time="54.616" errors="0">
  <testcase name="TC3and4" time="54.616" classname="UAT.BrookstoneTests.TestCase3"/>
</testsuite> <!-- UAT.BrookstoneTests.TestCase3 -->
