<?xml version="1.0" encoding="UTF-8"?>
<!-- Generated by org.testng.reporters.JUnitReportReporter -->
<testsuite skipped="0" hostname="WSAANAND2" name="UAT.BrookstoneTests.TestCase2" tests="1" failures="0" timestamp="06 Sep 2018 20:32:24 GMT" time="99.946" errors="0">
  <testcase name="TC2" time="99.946" classname="UAT.BrookstoneTests.TestCase2"/>
</testsuite> <!-- UAT.BrookstoneTests.TestCase2 -->
