<?xml version="1.0" encoding="UTF-8"?>
<!-- Generated by org.testng.reporters.JUnitReportReporter -->
<testsuite skipped="0" hostname="WSAANAND2" name="UAT.BrookstoneTests.TestCase1" tests="1" failures="0" timestamp="06 Sep 2018 20:36:14 GMT" time="71.846" errors="0">
  <testcase name="TC1" time="71.846" classname="UAT.BrookstoneTests.TestCase1"/>
</testsuite> <!-- UAT.BrookstoneTests.TestCase1 -->
