<?xml version="1.0" encoding="UTF-8"?>
<!-- Generated by org.testng.reporters.JUnitReportReporter -->
<testsuite skipped="0" hostname="WSAANAND2" name="UAT.BrookstoneTests.TestCase1" tests="1" failures="0" timestamp="15 Oct 2018 16:23:35 GMT" time="90.309" errors="0">
  <testcase name="TC1" time="90.309" classname="UAT.BrookstoneTests.TestCase1"/>
</testsuite> <!-- UAT.BrookstoneTests.TestCase1 -->
