<?xml version="1.0" encoding="UTF-8"?>
<!-- Generated by org.testng.reporters.JUnitReportReporter -->
<testsuite skipped="0" hostname="WSAANAND2" name="UAT.BrookstoneTests.TestCase74" tests="1" failures="0" timestamp="15 Oct 2018 18:04:47 GMT" time="55.558" errors="0">
  <testcase name="TC74" time="55.558" classname="UAT.BrookstoneTests.TestCase74"/>
</testsuite> <!-- UAT.BrookstoneTests.TestCase74 -->
