<?xml version="1.0" encoding="UTF-8"?>
<!-- Generated by org.testng.reporters.JUnitReportReporter -->
<testsuite skipped="0" hostname="WSAANAND2" name="UAT.BrookstoneTests.TestCase2" tests="1" failures="0" timestamp="06 Sep 2018 21:56:41 GMT" time="80.592" errors="0">
  <testcase name="TC2" time="80.592" classname="UAT.BrookstoneTests.TestCase2"/>
</testsuite> <!-- UAT.BrookstoneTests.TestCase2 -->
