<?xml version="1.0" encoding="UTF-8"?>
<!-- Generated by org.testng.reporters.JUnitReportReporter -->
<testsuite skipped="0" hostname="WSAANAND2" name="UAT.BrookstoneTests.TestCase1" tests="1" failures="0" timestamp="15 Oct 2018 18:38:25 GMT" time="72.520" errors="0">
  <testcase name="TC1" time="72.520" classname="UAT.BrookstoneTests.TestCase1"/>
</testsuite> <!-- UAT.BrookstoneTests.TestCase1 -->
