<?xml version="1.0" encoding="UTF-8"?>
<!-- Generated by org.testng.reporters.JUnitReportReporter -->
<testsuite skipped="0" hostname="WSAANAND2" name="UAT.BrookstoneTests.TestCase2" tests="1" failures="0" timestamp="04 Sep 2018 20:14:46 GMT" time="201.423" errors="0">
  <testcase name="Login" time="201.423" classname="UAT.BrookstoneTests.TestCase2"/>
</testsuite> <!-- UAT.BrookstoneTests.TestCase2 -->
