<?xml version="1.0" encoding="UTF-8"?>
<!-- Generated by org.testng.reporters.JUnitReportReporter -->
<testsuite skipped="0" hostname="WSAANAND2" name="UAT.BrookstoneTests.TestCase2" tests="1" failures="0" timestamp="15 Oct 2018 18:38:25 GMT" time="138.704" errors="0">
  <testcase name="TC2" time="138.704" classname="UAT.BrookstoneTests.TestCase2"/>
</testsuite> <!-- UAT.BrookstoneTests.TestCase2 -->
