<?xml version="1.0" encoding="UTF-8"?>
<!-- Generated by org.testng.reporters.JUnitReportReporter -->
<testsuite skipped="0" hostname="WSAANAND2" name="UAT.BrookstoneTests.TestCase1" tests="1" failures="0" timestamp="06 Sep 2018 21:56:41 GMT" time="47.752" errors="0">
  <testcase name="TC1" time="47.752" classname="UAT.BrookstoneTests.TestCase1"/>
</testsuite> <!-- UAT.BrookstoneTests.TestCase1 -->
